"2018-12-14 23:52:39 [restartedMain] INFO  edu.uel.proteo.webapp.Application - Starting Application on macbookpro.local with PID 10757 (/Users/fer.gicci/develop/projects/Proteo-WebApp/target/classes started by fer.gicci in /Users/fer.gicci/develop/projects/Proteo-WebApp)
""2018-12-14 23:52:39 [restartedMain] INFO  edu.uel.proteo.webapp.Application - No active profile set, falling back to default profiles: default
""2018-12-14 23:52:39 [restartedMain] INFO  o.s.b.w.s.c.AnnotationConfigServletWebServerApplicationContext - Refreshing org.springframework.boot.web.servlet.context.AnnotationConfigServletWebServerApplicationContext@75064242: startup date [Fri Dec 14 23:52:39 GMT 2018]; root of context hierarchy
""2018-12-14 23:52:41 [restartedMain] INFO  o.s.b.w.e.tomcat.TomcatWebServer - Tomcat initialized with port(s): 8080 (http)
""2018-12-14 23:52:41 [restartedMain] INFO  o.a.catalina.core.StandardService - Starting service [Tomcat]
""2018-12-14 23:52:41 [restartedMain] INFO  o.a.catalina.core.StandardEngine - Starting Servlet Engine: Apache Tomcat/8.5.34
""2018-12-14 23:52:41 [localhost-startStop-1] INFO  o.a.c.core.AprLifecycleListener - The APR based Apache Tomcat Native library which allows optimal performance in production environments was not found on the java.library.path: [/Users/fer.gicci/Library/Java/Extensions:/Library/Java/Extensions:/Network/Library/Java/Extensions:/System/Library/Java/Extensions:/usr/lib/java:.]
""2018-12-14 23:52:41 [localhost-startStop-1] INFO  o.a.c.c.C.[Tomcat].[localhost].[/] - Initializing Spring embedded WebApplicationContext
""2018-12-14 23:52:41 [localhost-startStop-1] INFO  o.s.b.w.s.ServletRegistrationBean - Servlet dispatcherServlet mapped to [/]
""2018-12-14 23:52:41 [localhost-startStop-1] INFO  o.s.b.w.s.FilterRegistrationBean - Mapping filter: 'characterEncodingFilter' to: [/*]
""2018-12-14 23:52:41 [localhost-startStop-1] INFO  o.s.b.w.s.FilterRegistrationBean - Mapping filter: 'hiddenHttpMethodFilter' to: [/*]
""2018-12-14 23:52:41 [localhost-startStop-1] INFO  o.s.b.w.s.FilterRegistrationBean - Mapping filter: 'httpPutFormContentFilter' to: [/*]
""2018-12-14 23:52:41 [localhost-startStop-1] INFO  o.s.b.w.s.FilterRegistrationBean - Mapping filter: 'requestContextFilter' to: [/*]
""2018-12-14 23:52:42 [restartedMain] INFO  o.s.b.d.a.OptionalLiveReloadServer - LiveReload server is running on port 35729
""2018-12-14 23:52:42 [restartedMain] INFO  o.s.j.e.a.AnnotationMBeanExporter - Registering beans for JMX exposure on startup
""2018-12-14 23:52:42 [restartedMain] INFO  o.s.b.w.e.tomcat.TomcatWebServer - Tomcat started on port(s): 8080 (http) with context path ''
""2018-12-14 23:52:42 [restartedMain] INFO  edu.uel.proteo.webapp.Application - Started Application in 4.499 seconds (JVM running for 6.139)
""2018-12-14 23:53:42 [http-nio-8080-exec-1] INFO  o.a.c.c.C.[Tomcat].[localhost].[/] - Initializing Spring FrameworkServlet 'dispatcherServlet'
""2018-12-14 23:53:45 [http-nio-8080-exec-2] INFO  e.u.p.w.c.GreetingController - greattings for : World
""2018-12-14 23:54:38 [Thread-6] INFO  o.s.b.w.s.c.AnnotationConfigServletWebServerApplicationContext - Closing org.springframework.boot.web.servlet.context.AnnotationConfigServletWebServerApplicationContext@75064242: startup date [Fri Dec 14 23:52:39 GMT 2018]; root of context hierarchy
""2018-12-14 23:54:38 [Thread-6] INFO  o.s.j.e.a.AnnotationMBeanExporter - Unregistering JMX-exposed beans on shutdown
"2018-12-14 23:54:39 [restartedMain] INFO  edu.uel.proteo.webapp.Application - Starting Application on macbookpro.local with PID 10757 (/Users/fer.gicci/develop/projects/Proteo-WebApp/target/classes started by fer.gicci in /Users/fer.gicci/develop/projects/Proteo-WebApp)
2018-12-14 23:54:39 [restartedMain] INFO  edu.uel.proteo.webapp.Application - No active profile set, falling back to default profiles: default
2018-12-14 23:54:39 [restartedMain] INFO  o.s.b.w.s.c.AnnotationConfigServletWebServerApplicationContext - Refreshing org.springframework.boot.web.servlet.context.AnnotationConfigServletWebServerApplicationContext@1a446177: startup date [Fri Dec 14 23:54:39 GMT 2018]; root of context hierarchy
2018-12-14 23:54:40 [restartedMain] INFO  o.s.b.w.e.tomcat.TomcatWebServer - Tomcat initialized with port(s): 8080 (http)
2018-12-14 23:54:40 [restartedMain] INFO  o.a.catalina.core.StandardService - Starting service [Tomcat]
2018-12-14 23:54:40 [restartedMain] INFO  o.a.catalina.core.StandardEngine - Starting Servlet Engine: Apache Tomcat/8.5.34
2018-12-14 23:54:40 [localhost-startStop-1] INFO  o.a.c.c.C.[Tomcat].[localhost].[/] - Initializing Spring embedded WebApplicationContext
2018-12-14 23:54:40 [localhost-startStop-1] INFO  o.s.b.w.s.ServletRegistrationBean - Servlet dispatcherServlet mapped to [/]
2018-12-14 23:54:40 [localhost-startStop-1] INFO  o.s.b.w.s.FilterRegistrationBean - Mapping filter: 'characterEncodingFilter' to: [/*]
2018-12-14 23:54:40 [localhost-startStop-1] INFO  o.s.b.w.s.FilterRegistrationBean - Mapping filter: 'hiddenHttpMethodFilter' to: [/*]
2018-12-14 23:54:40 [localhost-startStop-1] INFO  o.s.b.w.s.FilterRegistrationBean - Mapping filter: 'httpPutFormContentFilter' to: [/*]
2018-12-14 23:54:40 [localhost-startStop-1] INFO  o.s.b.w.s.FilterRegistrationBean - Mapping filter: 'requestContextFilter' to: [/*]
2018-12-14 23:54:40 [restartedMain] INFO  o.s.b.d.a.OptionalLiveReloadServer - LiveReload server is running on port 35729
2018-12-14 23:54:40 [restartedMain] INFO  o.s.j.e.a.AnnotationMBeanExporter - Registering beans for JMX exposure on startup
2018-12-14 23:54:40 [restartedMain] INFO  o.s.b.w.e.tomcat.TomcatWebServer - Tomcat started on port(s): 8080 (http) with context path ''
2018-12-14 23:54:40 [restartedMain] INFO  edu.uel.proteo.webapp.Application - Started Application in 1.187 seconds (JVM running for 123.699)
2018-12-14 23:54:40 [restartedMain] INFO  o.s.b.d.a.ConditionEvaluationDeltaLoggingListener - Condition evaluation unchanged
2018-12-14 23:54:47 [http-nio-8080-exec-1] INFO  o.a.c.c.C.[Tomcat].[localhost].[/] - Initializing Spring FrameworkServlet 'dispatcherServlet'
2018-12-14 23:54:47 [http-nio-8080-exec-1] INFO  e.u.p.w.c.GreetingController - greattings for : World
2018-12-14 23:55:19 [Thread-10] INFO  o.s.b.w.s.c.AnnotationConfigServletWebServerApplicationContext - Closing org.springframework.boot.web.servlet.context.AnnotationConfigServletWebServerApplicationContext@1a446177: startup date [Fri Dec 14 23:54:39 GMT 2018]; root of context hierarchy
2018-12-14 23:55:19 [Thread-10] INFO  o.s.j.e.a.AnnotationMBeanExporter - Unregistering JMX-exposed beans on shutdown
2018-12-14 23:55:19 [restartedMain] INFO  edu.uel.proteo.webapp.Application - Starting Application on macbookpro.local with PID 10757 (/Users/fer.gicci/develop/projects/Proteo-WebApp/target/classes started by fer.gicci in /Users/fer.gicci/develop/projects/Proteo-WebApp)
2018-12-14 23:55:19 [restartedMain] DEBUG edu.uel.proteo.webapp.Application - Running with Spring Boot v2.0.5.RELEASE, Spring v5.0.9.RELEASE
2018-12-14 23:55:19 [restartedMain] INFO  edu.uel.proteo.webapp.Application - No active profile set, falling back to default profiles: default
2018-12-14 23:55:19 [restartedMain] INFO  o.s.b.w.s.c.AnnotationConfigServletWebServerApplicationContext - Refreshing org.springframework.boot.web.servlet.context.AnnotationConfigServletWebServerApplicationContext@26958b17: startup date [Fri Dec 14 23:55:19 GMT 2018]; root of context hierarchy
2018-12-14 23:55:20 [restartedMain] INFO  o.s.b.w.e.tomcat.TomcatWebServer - Tomcat initialized with port(s): 8080 (http)
2018-12-14 23:55:20 [restartedMain] INFO  o.a.catalina.core.StandardService - Starting service [Tomcat]
2018-12-14 23:55:20 [restartedMain] INFO  o.a.catalina.core.StandardEngine - Starting Servlet Engine: Apache Tomcat/8.5.34
2018-12-14 23:55:20 [localhost-startStop-1] INFO  o.a.c.c.C.[Tomcat].[localhost].[/] - Initializing Spring embedded WebApplicationContext
2018-12-14 23:55:20 [localhost-startStop-1] INFO  o.s.b.w.s.ServletRegistrationBean - Servlet dispatcherServlet mapped to [/]
2018-12-14 23:55:20 [localhost-startStop-1] INFO  o.s.b.w.s.FilterRegistrationBean - Mapping filter: 'characterEncodingFilter' to: [/*]
2018-12-14 23:55:20 [localhost-startStop-1] INFO  o.s.b.w.s.FilterRegistrationBean - Mapping filter: 'hiddenHttpMethodFilter' to: [/*]
2018-12-14 23:55:20 [localhost-startStop-1] INFO  o.s.b.w.s.FilterRegistrationBean - Mapping filter: 'httpPutFormContentFilter' to: [/*]
2018-12-14 23:55:20 [localhost-startStop-1] INFO  o.s.b.w.s.FilterRegistrationBean - Mapping filter: 'requestContextFilter' to: [/*]
2018-12-14 23:55:20 [restartedMain] INFO  o.s.b.d.a.OptionalLiveReloadServer - LiveReload server is running on port 35729
2018-12-14 23:55:20 [restartedMain] INFO  o.s.j.e.a.AnnotationMBeanExporter - Registering beans for JMX exposure on startup
2018-12-14 23:55:20 [restartedMain] INFO  o.s.b.w.e.tomcat.TomcatWebServer - Tomcat started on port(s): 8080 (http) with context path ''
2018-12-14 23:55:20 [restartedMain] INFO  edu.uel.proteo.webapp.Application - Started Application in 0.749 seconds (JVM running for 163.601)
2018-12-14 23:55:20 [restartedMain] INFO  o.s.b.d.a.ConditionEvaluationDeltaLoggingListener - Condition evaluation unchanged
